[0.359s] Invoking command in '/home/rishith/MRT/MRT_Assignment_6/src/robot': PYTHONPATH=/home/rishith/MRT/MRT_Assignment_6/build/robot/prefix_override:/home/rishith/MRT/MRT_Assignment_6/install/robot/lib/python3.10/site-packages: /usr/bin/python3 -W ignore:setup.py install is deprecated setup.py egg_info --egg-base ../../build/robot build --build-base /home/rishith/MRT/MRT_Assignment_6/build/robot/build install --record /home/rishith/MRT/MRT_Assignment_6/build/robot/install.log --single-version-externally-managed install_data
[0.529s] running egg_info
[0.529s] writing ../../build/robot/robot.egg-info/PKG-INFO
[0.530s] writing dependency_links to ../../build/robot/robot.egg-info/dependency_links.txt
[0.530s] writing entry points to ../../build/robot/robot.egg-info/entry_points.txt
[0.530s] writing requirements to ../../build/robot/robot.egg-info/requires.txt
[0.530s] writing top-level names to ../../build/robot/robot.egg-info/top_level.txt
[0.531s] reading manifest file '../../build/robot/robot.egg-info/SOURCES.txt'
[0.531s] writing manifest file '../../build/robot/robot.egg-info/SOURCES.txt'
[0.532s] running build
[0.532s] running build_py
[0.532s] running install
[0.532s] running install_lib
[0.533s] running install_data
[0.533s] copying package.xml -> /home/rishith/MRT/MRT_Assignment_6/install/robot/share/robot
[0.533s] copying launch/launch.launch -> /home/rishith/MRT/MRT_Assignment_6/install/robot/share/robot
[0.533s] running install_egg_info
[0.534s] removing '/home/rishith/MRT/MRT_Assignment_6/install/robot/lib/python3.10/site-packages/robot-0.0.0-py3.10.egg-info' (and everything under it)
[0.534s] Copying ../../build/robot/robot.egg-info to /home/rishith/MRT/MRT_Assignment_6/install/robot/lib/python3.10/site-packages/robot-0.0.0-py3.10.egg-info
[0.535s] running install_scripts
[0.550s] Installing moving_circle script to /home/rishith/MRT/MRT_Assignment_6/install/robot/lib/robot
[0.550s] writing list of installed files to '/home/rishith/MRT/MRT_Assignment_6/build/robot/install.log'
[0.565s] Invoked command in '/home/rishith/MRT/MRT_Assignment_6/src/robot' returned '0': PYTHONPATH=/home/rishith/MRT/MRT_Assignment_6/build/robot/prefix_override:/home/rishith/MRT/MRT_Assignment_6/install/robot/lib/python3.10/site-packages: /usr/bin/python3 -W ignore:setup.py install is deprecated setup.py egg_info --egg-base ../../build/robot build --build-base /home/rishith/MRT/MRT_Assignment_6/build/robot/build install --record /home/rishith/MRT/MRT_Assignment_6/build/robot/install.log --single-version-externally-managed install_data
