[0.435s] Invoking command in '/home/rishith/MRT/MRT_Assignment_6/src/robot': PYTHONPATH=/home/rishith/MRT/MRT_Assignment_6/build/robot/prefix_override:/home/rishith/MRT/MRT_Assignment_6/install/robot/lib/python3.10/site-packages:${PYTHONPATH} /usr/bin/python3 -W ignore:setup.py install is deprecated setup.py egg_info --egg-base ../../build/robot build --build-base /home/rishith/MRT/MRT_Assignment_6/build/robot/build install --record /home/rishith/MRT/MRT_Assignment_6/build/robot/install.log --single-version-externally-managed install_data
[0.563s] running egg_info
[0.563s] writing ../../build/robot/robot.egg-info/PKG-INFO
[0.563s] writing dependency_links to ../../build/robot/robot.egg-info/dependency_links.txt
[0.563s] writing entry points to ../../build/robot/robot.egg-info/entry_points.txt
[0.563s] writing requirements to ../../build/robot/robot.egg-info/requires.txt
[0.563s] writing top-level names to ../../build/robot/robot.egg-info/top_level.txt
[0.564s] reading manifest file '../../build/robot/robot.egg-info/SOURCES.txt'
[0.565s] writing manifest file '../../build/robot/robot.egg-info/SOURCES.txt'
[0.565s] running build
[0.565s] running build_py
[0.565s] running install
[0.566s] running install_lib
[0.566s] running install_data
[0.566s] copying launch/gazebo.launch.py -> /home/rishith/MRT/MRT_Assignment_6/install/robot/share/robot/launch
[0.566s] running install_egg_info
[0.567s] removing '/home/rishith/MRT/MRT_Assignment_6/install/robot/lib/python3.10/site-packages/robot-0.0.0-py3.10.egg-info' (and everything under it)
[0.568s] Copying ../../build/robot/robot.egg-info to /home/rishith/MRT/MRT_Assignment_6/install/robot/lib/python3.10/site-packages/robot-0.0.0-py3.10.egg-info
[0.568s] running install_scripts
[0.581s] Installing moving_circle script to /home/rishith/MRT/MRT_Assignment_6/install/robot/lib/robot
[0.581s] writing list of installed files to '/home/rishith/MRT/MRT_Assignment_6/build/robot/install.log'
[0.596s] Invoked command in '/home/rishith/MRT/MRT_Assignment_6/src/robot' returned '0': PYTHONPATH=/home/rishith/MRT/MRT_Assignment_6/build/robot/prefix_override:/home/rishith/MRT/MRT_Assignment_6/install/robot/lib/python3.10/site-packages:${PYTHONPATH} /usr/bin/python3 -W ignore:setup.py install is deprecated setup.py egg_info --egg-base ../../build/robot build --build-base /home/rishith/MRT/MRT_Assignment_6/build/robot/build install --record /home/rishith/MRT/MRT_Assignment_6/build/robot/install.log --single-version-externally-managed install_data
