[0.292s] Invoking command in '/home/rishith/MRT_Assignment_6/src/robot': PYTHONPATH=/home/rishith/MRT_Assignment_6/build/robot/prefix_override:/home/rishith/MRT_Assignment_6/install/robot/lib/python3.10/site-packages: /usr/bin/python3 -W ignore:setup.py install is deprecated setup.py egg_info --egg-base ../../build/robot build --build-base /home/rishith/MRT_Assignment_6/build/robot/build install --record /home/rishith/MRT_Assignment_6/build/robot/install.log --single-version-externally-managed install_data
[0.463s] running egg_info
[0.463s] writing ../../build/robot/robot.egg-info/PKG-INFO
[0.463s] writing dependency_links to ../../build/robot/robot.egg-info/dependency_links.txt
[0.464s] writing entry points to ../../build/robot/robot.egg-info/entry_points.txt
[0.464s] writing requirements to ../../build/robot/robot.egg-info/requires.txt
[0.464s] writing top-level names to ../../build/robot/robot.egg-info/top_level.txt
[0.465s] reading manifest file '../../build/robot/robot.egg-info/SOURCES.txt'
[0.465s] writing manifest file '../../build/robot/robot.egg-info/SOURCES.txt'
[0.465s] running build
[0.465s] running build_py
[0.466s] running install
[0.466s] running install_lib
[0.466s] running install_data
[0.466s] running install_egg_info
[0.468s] removing '/home/rishith/MRT_Assignment_6/install/robot/lib/python3.10/site-packages/robot-0.0.0-py3.10.egg-info' (and everything under it)
[0.468s] Copying ../../build/robot/robot.egg-info to /home/rishith/MRT_Assignment_6/install/robot/lib/python3.10/site-packages/robot-0.0.0-py3.10.egg-info
[0.468s] running install_scripts
[0.480s] writing list of installed files to '/home/rishith/MRT_Assignment_6/build/robot/install.log'
[0.496s] Invoked command in '/home/rishith/MRT_Assignment_6/src/robot' returned '0': PYTHONPATH=/home/rishith/MRT_Assignment_6/build/robot/prefix_override:/home/rishith/MRT_Assignment_6/install/robot/lib/python3.10/site-packages: /usr/bin/python3 -W ignore:setup.py install is deprecated setup.py egg_info --egg-base ../../build/robot build --build-base /home/rishith/MRT_Assignment_6/build/robot/build install --record /home/rishith/MRT_Assignment_6/build/robot/install.log --single-version-externally-managed install_data
