[0.416s] Invoking command in '/home/rishith/MRT/MRT_Assignment_6/src/robot': PYTHONPATH=/home/rishith/MRT/MRT_Assignment_6/build/robot/prefix_override:/home/rishith/MRT/MRT_Assignment_6/install/robot/lib/python3.10/site-packages:${PYTHONPATH} /usr/bin/python3 -W ignore:setup.py install is deprecated setup.py egg_info --egg-base ../../build/robot build --build-base /home/rishith/MRT/MRT_Assignment_6/build/robot/build install --record /home/rishith/MRT/MRT_Assignment_6/build/robot/install.log --single-version-externally-managed install_data
[0.546s] running egg_info
[0.546s] creating ../../build/robot/robot.egg-info
[0.546s] writing ../../build/robot/robot.egg-info/PKG-INFO
[0.546s] writing dependency_links to ../../build/robot/robot.egg-info/dependency_links.txt
[0.546s] writing entry points to ../../build/robot/robot.egg-info/entry_points.txt
[0.546s] writing requirements to ../../build/robot/robot.egg-info/requires.txt
[0.546s] writing top-level names to ../../build/robot/robot.egg-info/top_level.txt
[0.546s] writing manifest file '../../build/robot/robot.egg-info/SOURCES.txt'
[0.548s] reading manifest file '../../build/robot/robot.egg-info/SOURCES.txt'
[0.548s] writing manifest file '../../build/robot/robot.egg-info/SOURCES.txt'
[0.548s] running build
[0.548s] running build_py
[0.548s] creating /home/rishith/MRT/MRT_Assignment_6/build/robot/build
[0.548s] creating /home/rishith/MRT/MRT_Assignment_6/build/robot/build/lib
[0.549s] creating /home/rishith/MRT/MRT_Assignment_6/build/robot/build/lib/robot
[0.549s] copying robot/__init__.py -> /home/rishith/MRT/MRT_Assignment_6/build/robot/build/lib/robot
[0.549s] running install
[0.549s] running install_lib
[0.549s] creating /home/rishith/MRT/MRT_Assignment_6/install/robot/lib/python3.10/site-packages/robot
[0.549s] copying /home/rishith/MRT/MRT_Assignment_6/build/robot/build/lib/robot/__init__.py -> /home/rishith/MRT/MRT_Assignment_6/install/robot/lib/python3.10/site-packages/robot
[0.549s] byte-compiling /home/rishith/MRT/MRT_Assignment_6/install/robot/lib/python3.10/site-packages/robot/__init__.py to __init__.cpython-310.pyc
[0.550s] running install_data
[0.550s] creating /home/rishith/MRT/MRT_Assignment_6/install/robot/share/ament_index
[0.550s] creating /home/rishith/MRT/MRT_Assignment_6/install/robot/share/ament_index/resource_index
[0.550s] creating /home/rishith/MRT/MRT_Assignment_6/install/robot/share/ament_index/resource_index/packages
[0.550s] copying resource/robot -> /home/rishith/MRT/MRT_Assignment_6/install/robot/share/ament_index/resource_index/packages
[0.550s] copying package.xml -> /home/rishith/MRT/MRT_Assignment_6/install/robot/share/robot
[0.550s] creating /home/rishith/MRT/MRT_Assignment_6/install/robot/share/robot/models
[0.550s] copying models/models.sdf -> /home/rishith/MRT/MRT_Assignment_6/install/robot/share/robot/models
[0.551s] creating /home/rishith/MRT/MRT_Assignment_6/install/robot/share/robot/launch
[0.551s] copying launch/gazebo.launch.py -> /home/rishith/MRT/MRT_Assignment_6/install/robot/share/robot/launch
[0.551s] creating /home/rishith/MRT/MRT_Assignment_6/install/robot/share/robot/urdf
[0.551s] copying urdf/models.urdf -> /home/rishith/MRT/MRT_Assignment_6/install/robot/share/robot/urdf
[0.551s] running install_egg_info
[0.552s] Copying ../../build/robot/robot.egg-info to /home/rishith/MRT/MRT_Assignment_6/install/robot/lib/python3.10/site-packages/robot-0.0.0-py3.10.egg-info
[0.552s] running install_scripts
[0.566s] Installing moving_circle script to /home/rishith/MRT/MRT_Assignment_6/install/robot/lib/robot
[0.566s] writing list of installed files to '/home/rishith/MRT/MRT_Assignment_6/build/robot/install.log'
[0.581s] Invoked command in '/home/rishith/MRT/MRT_Assignment_6/src/robot' returned '0': PYTHONPATH=/home/rishith/MRT/MRT_Assignment_6/build/robot/prefix_override:/home/rishith/MRT/MRT_Assignment_6/install/robot/lib/python3.10/site-packages:${PYTHONPATH} /usr/bin/python3 -W ignore:setup.py install is deprecated setup.py egg_info --egg-base ../../build/robot build --build-base /home/rishith/MRT/MRT_Assignment_6/build/robot/build install --record /home/rishith/MRT/MRT_Assignment_6/build/robot/install.log --single-version-externally-managed install_data
