[0.404s] Invoking command in '/home/rishith/MRT/MRT_Assignment_6/src/robot': PYTHONPATH=/home/rishith/MRT/MRT_Assignment_6/build/robot/prefix_override:/home/rishith/MRT/MRT_Assignment_6/install/robot/lib/python3.10/site-packages:${PYTHONPATH} /usr/bin/python3 -W ignore:setup.py install is deprecated setup.py egg_info --egg-base ../../build/robot build --build-base /home/rishith/MRT/MRT_Assignment_6/build/robot/build install --record /home/rishith/MRT/MRT_Assignment_6/build/robot/install.log --single-version-externally-managed install_data
[0.528s] running egg_info
[0.529s] writing ../../build/robot/robot.egg-info/PKG-INFO
[0.529s] writing dependency_links to ../../build/robot/robot.egg-info/dependency_links.txt
[0.529s] writing entry points to ../../build/robot/robot.egg-info/entry_points.txt
[0.529s] writing requirements to ../../build/robot/robot.egg-info/requires.txt
[0.529s] writing top-level names to ../../build/robot/robot.egg-info/top_level.txt
[0.530s] reading manifest file '../../build/robot/robot.egg-info/SOURCES.txt'
[0.531s] writing manifest file '../../build/robot/robot.egg-info/SOURCES.txt'
[0.531s] running build
[0.531s] running build_py
[0.531s] running install
[0.532s] running install_lib
[0.533s] running install_data
[0.533s] running install_egg_info
[0.534s] removing '/home/rishith/MRT/MRT_Assignment_6/install/robot/lib/python3.10/site-packages/robot-0.0.0-py3.10.egg-info' (and everything under it)
[0.534s] Copying ../../build/robot/robot.egg-info to /home/rishith/MRT/MRT_Assignment_6/install/robot/lib/python3.10/site-packages/robot-0.0.0-py3.10.egg-info
[0.535s] running install_scripts
[0.548s] Installing move_circle script to /home/rishith/MRT/MRT_Assignment_6/install/robot/lib/robot
[0.548s] writing list of installed files to '/home/rishith/MRT/MRT_Assignment_6/build/robot/install.log'
[0.567s] Invoked command in '/home/rishith/MRT/MRT_Assignment_6/src/robot' returned '0': PYTHONPATH=/home/rishith/MRT/MRT_Assignment_6/build/robot/prefix_override:/home/rishith/MRT/MRT_Assignment_6/install/robot/lib/python3.10/site-packages:${PYTHONPATH} /usr/bin/python3 -W ignore:setup.py install is deprecated setup.py egg_info --egg-base ../../build/robot build --build-base /home/rishith/MRT/MRT_Assignment_6/build/robot/build install --record /home/rishith/MRT/MRT_Assignment_6/build/robot/install.log --single-version-externally-managed install_data
