[0.321s] DEBUG:colcon:Command line arguments: ['/usr/bin/colcon', 'build']
[0.321s] DEBUG:colcon:Parsed command line arguments: Namespace(log_base=None, log_level=None, verb_name='build', build_base='build', install_base='install', merge_install=False, symlink_install=False, test_result_base=None, continue_on_error=False, executor='parallel', parallel_workers=12, event_handlers=None, ignore_user_meta=False, metas=['./colcon.meta'], base_paths=['.'], packages_ignore=None, packages_ignore_regex=None, paths=None, packages_up_to=None, packages_up_to_regex=None, packages_above=None, packages_above_and_dependencies=None, packages_above_depth=None, packages_select_by_dep=None, packages_skip_by_dep=None, packages_skip_up_to=None, packages_select_build_failed=False, packages_skip_build_finished=False, packages_select_test_failures=False, packages_skip_test_passed=False, packages_select=None, packages_skip=None, packages_select_regex=None, packages_skip_regex=None, packages_start=None, packages_end=None, allow_overriding=[], cmake_args=None, cmake_target=None, cmake_target_skip_unavailable=False, cmake_clean_cache=False, cmake_clean_first=False, cmake_force_configure=False, ament_cmake_args=None, catkin_cmake_args=None, catkin_skip_building_tests=False, mixin_files=None, mixin=None, verb_parser=<colcon_mixin.mixin.mixin_argument.MixinArgumentDecorator object at 0x72c746929900>, verb_extension=<colcon_core.verb.build.BuildVerb object at 0x72c746a9efb0>, main=<bound method BuildVerb.main of <colcon_core.verb.build.BuildVerb object at 0x72c746a9efb0>>, mixin_verb=('build',))
[0.605s] Level 1:colcon.colcon_core.package_discovery:discover_packages(colcon_meta) check parameters
[0.605s] Level 1:colcon.colcon_core.package_discovery:discover_packages(recursive) check parameters
[0.605s] Level 1:colcon.colcon_core.package_discovery:discover_packages(ignore) check parameters
[0.605s] Level 1:colcon.colcon_core.package_discovery:discover_packages(path) check parameters
[0.605s] Level 1:colcon.colcon_core.package_discovery:discover_packages(colcon_meta) discover
[0.605s] Level 1:colcon.colcon_core.package_discovery:discover_packages(recursive) discover
[0.605s] INFO:colcon.colcon_core.package_discovery:Crawling recursively for packages in '/home/rishith/MRT/MRT_Assignment_6'
[0.606s] Level 1:colcon.colcon_core.package_identification:_identify(.) by extensions ['ignore', 'ignore_ament_install']
[0.606s] Level 1:colcon.colcon_core.package_identification:_identify(.) by extension 'ignore'
[0.606s] Level 1:colcon.colcon_core.package_identification:_identify(.) by extension 'ignore_ament_install'
[0.606s] Level 1:colcon.colcon_core.package_identification:_identify(.) by extensions ['colcon_pkg']
[0.606s] Level 1:colcon.colcon_core.package_identification:_identify(.) by extension 'colcon_pkg'
[0.606s] Level 1:colcon.colcon_core.package_identification:_identify(.) by extensions ['colcon_meta']
[0.606s] Level 1:colcon.colcon_core.package_identification:_identify(.) by extension 'colcon_meta'
[0.606s] Level 1:colcon.colcon_core.package_identification:_identify(.) by extensions ['ros']
[0.606s] Level 1:colcon.colcon_core.package_identification:_identify(.) by extension 'ros'
[0.622s] Level 1:colcon.colcon_core.package_identification:_identify(.) by extensions ['cmake', 'python']
[0.623s] Level 1:colcon.colcon_core.package_identification:_identify(.) by extension 'cmake'
[0.623s] Level 1:colcon.colcon_core.package_identification:_identify(.) by extension 'python'
[0.623s] Level 1:colcon.colcon_core.package_identification:_identify(.) by extensions ['python_setup_py']
[0.623s] Level 1:colcon.colcon_core.package_identification:_identify(.) by extension 'python_setup_py'
[0.623s] Level 1:colcon.colcon_core.package_identification:_identify(build) by extensions ['ignore', 'ignore_ament_install']
[0.623s] Level 1:colcon.colcon_core.package_identification:_identify(build) by extension 'ignore'
[0.623s] Level 1:colcon.colcon_core.package_identification:_identify(build) ignored
[0.623s] Level 1:colcon.colcon_core.package_identification:_identify(install) by extensions ['ignore', 'ignore_ament_install']
[0.623s] Level 1:colcon.colcon_core.package_identification:_identify(install) by extension 'ignore'
[0.623s] Level 1:colcon.colcon_core.package_identification:_identify(install) ignored
[0.623s] Level 1:colcon.colcon_core.package_identification:_identify(log) by extensions ['ignore', 'ignore_ament_install']
[0.623s] Level 1:colcon.colcon_core.package_identification:_identify(log) by extension 'ignore'
[0.623s] Level 1:colcon.colcon_core.package_identification:_identify(log) ignored
[0.624s] Level 1:colcon.colcon_core.package_identification:_identify(src) by extensions ['ignore', 'ignore_ament_install']
[0.624s] Level 1:colcon.colcon_core.package_identification:_identify(src) by extension 'ignore'
[0.624s] Level 1:colcon.colcon_core.package_identification:_identify(src) by extension 'ignore_ament_install'
[0.624s] Level 1:colcon.colcon_core.package_identification:_identify(src) by extensions ['colcon_pkg']
[0.624s] Level 1:colcon.colcon_core.package_identification:_identify(src) by extension 'colcon_pkg'
[0.624s] Level 1:colcon.colcon_core.package_identification:_identify(src) by extensions ['colcon_meta']
[0.624s] Level 1:colcon.colcon_core.package_identification:_identify(src) by extension 'colcon_meta'
[0.624s] Level 1:colcon.colcon_core.package_identification:_identify(src) by extensions ['ros']
[0.624s] Level 1:colcon.colcon_core.package_identification:_identify(src) by extension 'ros'
[0.624s] Level 1:colcon.colcon_core.package_identification:_identify(src) by extensions ['cmake', 'python']
[0.624s] Level 1:colcon.colcon_core.package_identification:_identify(src) by extension 'cmake'
[0.624s] Level 1:colcon.colcon_core.package_identification:_identify(src) by extension 'python'
[0.624s] Level 1:colcon.colcon_core.package_identification:_identify(src) by extensions ['python_setup_py']
[0.624s] Level 1:colcon.colcon_core.package_identification:_identify(src) by extension 'python_setup_py'
[0.625s] Level 1:colcon.colcon_core.package_identification:_identify(src/robot) by extensions ['ignore', 'ignore_ament_install']
[0.625s] Level 1:colcon.colcon_core.package_identification:_identify(src/robot) by extension 'ignore'
[0.625s] Level 1:colcon.colcon_core.package_identification:_identify(src/robot) by extension 'ignore_ament_install'
[0.625s] Level 1:colcon.colcon_core.package_identification:_identify(src/robot) by extensions ['colcon_pkg']
[0.625s] Level 1:colcon.colcon_core.package_identification:_identify(src/robot) by extension 'colcon_pkg'
[0.625s] Level 1:colcon.colcon_core.package_identification:_identify(src/robot) by extensions ['colcon_meta']
[0.625s] Level 1:colcon.colcon_core.package_identification:_identify(src/robot) by extension 'colcon_meta'
[0.625s] Level 1:colcon.colcon_core.package_identification:_identify(src/robot) by extensions ['ros']
[0.625s] Level 1:colcon.colcon_core.package_identification:_identify(src/robot) by extension 'ros'
[0.629s] DEBUG:colcon.colcon_core.package_identification:Package 'src/robot' with type 'ros.ament_python' and name 'robot'
[0.629s] Level 1:colcon.colcon_core.package_discovery:discover_packages(recursive) using defaults
[0.629s] Level 1:colcon.colcon_core.package_discovery:discover_packages(ignore) discover
[0.629s] Level 1:colcon.colcon_core.package_discovery:discover_packages(ignore) using defaults
[0.629s] Level 1:colcon.colcon_core.package_discovery:discover_packages(path) discover
[0.629s] Level 1:colcon.colcon_core.package_discovery:discover_packages(path) using defaults
[0.674s] Level 1:colcon.colcon_core.package_discovery:discover_packages(prefix_path) check parameters
[0.674s] Level 1:colcon.colcon_core.package_discovery:discover_packages(prefix_path) discover
[0.678s] DEBUG:colcon.colcon_installed_package_information.package_discovery:Found 292 installed packages in /opt/ros/humble
[0.680s] Level 1:colcon.colcon_core.package_discovery:discover_packages(prefix_path) using defaults
[0.714s] Level 5:colcon.colcon_core.verb:set package 'robot' build argument 'cmake_args' from command line to 'None'
[0.714s] Level 5:colcon.colcon_core.verb:set package 'robot' build argument 'cmake_target' from command line to 'None'
[0.714s] Level 5:colcon.colcon_core.verb:set package 'robot' build argument 'cmake_target_skip_unavailable' from command line to 'False'
[0.714s] Level 5:colcon.colcon_core.verb:set package 'robot' build argument 'cmake_clean_cache' from command line to 'False'
[0.714s] Level 5:colcon.colcon_core.verb:set package 'robot' build argument 'cmake_clean_first' from command line to 'False'
[0.714s] Level 5:colcon.colcon_core.verb:set package 'robot' build argument 'cmake_force_configure' from command line to 'False'
[0.714s] Level 5:colcon.colcon_core.verb:set package 'robot' build argument 'ament_cmake_args' from command line to 'None'
[0.714s] Level 5:colcon.colcon_core.verb:set package 'robot' build argument 'catkin_cmake_args' from command line to 'None'
[0.714s] Level 5:colcon.colcon_core.verb:set package 'robot' build argument 'catkin_skip_building_tests' from command line to 'False'
[0.714s] DEBUG:colcon.colcon_core.verb:Building package 'robot' with the following arguments: {'ament_cmake_args': None, 'build_base': '/home/rishith/MRT/MRT_Assignment_6/build/robot', 'catkin_cmake_args': None, 'catkin_skip_building_tests': False, 'cmake_args': None, 'cmake_clean_cache': False, 'cmake_clean_first': False, 'cmake_force_configure': False, 'cmake_target': None, 'cmake_target_skip_unavailable': False, 'install_base': '/home/rishith/MRT/MRT_Assignment_6/install/robot', 'merge_install': False, 'path': '/home/rishith/MRT/MRT_Assignment_6/src/robot', 'symlink_install': False, 'test_result_base': None}
[0.714s] INFO:colcon.colcon_core.executor:Executing jobs using 'parallel' executor
[0.715s] DEBUG:colcon.colcon_parallel_executor.executor.parallel:run_until_complete
[0.715s] INFO:colcon.colcon_ros.task.ament_python.build:Building ROS package in '/home/rishith/MRT/MRT_Assignment_6/src/robot' with build type 'ament_python'
[0.716s] Level 1:colcon.colcon_core.shell:create_environment_hook('robot', 'ament_prefix_path')
[0.719s] INFO:colcon.colcon_core.plugin_system:Skipping extension 'colcon_core.shell.bat': Not used on non-Windows systems
[0.719s] INFO:colcon.colcon_core.shell:Creating environment hook '/home/rishith/MRT/MRT_Assignment_6/install/robot/share/robot/hook/ament_prefix_path.ps1'
[0.720s] INFO:colcon.colcon_core.shell:Creating environment descriptor '/home/rishith/MRT/MRT_Assignment_6/install/robot/share/robot/hook/ament_prefix_path.dsv'
[0.720s] INFO:colcon.colcon_core.shell:Creating environment hook '/home/rishith/MRT/MRT_Assignment_6/install/robot/share/robot/hook/ament_prefix_path.sh'
[0.721s] INFO:colcon.colcon_core.shell:Skip shell extension 'powershell' for command environment: Not usable outside of PowerShell
[0.721s] DEBUG:colcon.colcon_core.shell:Skip shell extension 'dsv' for command environment
[0.880s] INFO:colcon.colcon_core.task.python.build:Building Python package in '/home/rishith/MRT/MRT_Assignment_6/src/robot'
[0.880s] INFO:colcon.colcon_core.shell:Skip shell extension 'powershell' for command environment: Not usable outside of PowerShell
[0.880s] DEBUG:colcon.colcon_core.shell:Skip shell extension 'dsv' for command environment
[1.114s] DEBUG:colcon.colcon_core.event_handler.log_command:Invoking command in '/home/rishith/MRT/MRT_Assignment_6/src/robot': PYTHONPATH=/home/rishith/MRT/MRT_Assignment_6/build/robot/prefix_override:/home/rishith/MRT/MRT_Assignment_6/install/robot/lib/python3.10/site-packages:${PYTHONPATH} /usr/bin/python3 -W ignore:setup.py install is deprecated setup.py egg_info --egg-base ../../build/robot build --build-base /home/rishith/MRT/MRT_Assignment_6/build/robot/build install --record /home/rishith/MRT/MRT_Assignment_6/build/robot/install.log --single-version-externally-managed install_data
[1.290s] DEBUG:colcon.colcon_core.event_handler.log_command:Invoked command in '/home/rishith/MRT/MRT_Assignment_6/src/robot' returned '0': PYTHONPATH=/home/rishith/MRT/MRT_Assignment_6/build/robot/prefix_override:/home/rishith/MRT/MRT_Assignment_6/install/robot/lib/python3.10/site-packages:${PYTHONPATH} /usr/bin/python3 -W ignore:setup.py install is deprecated setup.py egg_info --egg-base ../../build/robot build --build-base /home/rishith/MRT/MRT_Assignment_6/build/robot/build install --record /home/rishith/MRT/MRT_Assignment_6/build/robot/install.log --single-version-externally-managed install_data
[1.296s] Level 1:colcon.colcon_core.environment:checking '/home/rishith/MRT/MRT_Assignment_6/install/robot' for CMake module files
[1.297s] Level 1:colcon.colcon_core.environment:checking '/home/rishith/MRT/MRT_Assignment_6/install/robot' for CMake config files
[1.299s] Level 1:colcon.colcon_core.environment:checking '/home/rishith/MRT/MRT_Assignment_6/install/robot/lib'
[1.299s] Level 1:colcon.colcon_core.environment:checking '/home/rishith/MRT/MRT_Assignment_6/install/robot/bin'
[1.300s] Level 1:colcon.colcon_core.environment:checking '/home/rishith/MRT/MRT_Assignment_6/install/robot/lib/pkgconfig/robot.pc'
[1.300s] Level 1:colcon.colcon_core.environment:checking '/home/rishith/MRT/MRT_Assignment_6/install/robot/lib/python3.10/site-packages'
[1.300s] Level 1:colcon.colcon_core.shell:create_environment_hook('robot', 'pythonpath')
[1.301s] INFO:colcon.colcon_core.shell:Creating environment hook '/home/rishith/MRT/MRT_Assignment_6/install/robot/share/robot/hook/pythonpath.ps1'
[1.301s] INFO:colcon.colcon_core.shell:Creating environment descriptor '/home/rishith/MRT/MRT_Assignment_6/install/robot/share/robot/hook/pythonpath.dsv'
[1.302s] INFO:colcon.colcon_core.shell:Creating environment hook '/home/rishith/MRT/MRT_Assignment_6/install/robot/share/robot/hook/pythonpath.sh'
[1.303s] Level 1:colcon.colcon_core.environment:checking '/home/rishith/MRT/MRT_Assignment_6/install/robot/bin'
[1.303s] Level 1:colcon.colcon_core.environment:create_environment_scripts_only(robot)
[1.304s] INFO:colcon.colcon_core.shell:Creating package script '/home/rishith/MRT/MRT_Assignment_6/install/robot/share/robot/package.ps1'
[1.305s] INFO:colcon.colcon_core.shell:Creating package descriptor '/home/rishith/MRT/MRT_Assignment_6/install/robot/share/robot/package.dsv'
[1.307s] INFO:colcon.colcon_core.shell:Creating package script '/home/rishith/MRT/MRT_Assignment_6/install/robot/share/robot/package.sh'
[1.308s] INFO:colcon.colcon_core.shell:Creating package script '/home/rishith/MRT/MRT_Assignment_6/install/robot/share/robot/package.bash'
[1.309s] INFO:colcon.colcon_core.shell:Creating package script '/home/rishith/MRT/MRT_Assignment_6/install/robot/share/robot/package.zsh'
[1.310s] Level 1:colcon.colcon_core.environment:create_file_with_runtime_dependencies(/home/rishith/MRT/MRT_Assignment_6/install/robot/share/colcon-core/packages/robot)
[1.310s] DEBUG:colcon.colcon_parallel_executor.executor.parallel:closing loop
[1.311s] DEBUG:colcon.colcon_parallel_executor.executor.parallel:loop closed
[1.311s] DEBUG:colcon.colcon_parallel_executor.executor.parallel:run_until_complete finished with '0'
[1.311s] DEBUG:colcon.colcon_core.event_reactor:joining thread
[1.321s] INFO:colcon.colcon_core.plugin_system:Skipping extension 'colcon_notification.desktop_notification.terminal_notifier': Not used on non-Darwin systems
[1.321s] INFO:colcon.colcon_core.plugin_system:Skipping extension 'colcon_notification.desktop_notification.win32': Not used on non-Windows systems
[1.321s] INFO:colcon.colcon_notification.desktop_notification:Sending desktop notification using 'notify2'
[1.349s] DEBUG:colcon.colcon_core.event_reactor:joined thread
[1.349s] INFO:colcon.colcon_core.shell:Creating prefix script '/home/rishith/MRT/MRT_Assignment_6/install/local_setup.ps1'
[1.351s] INFO:colcon.colcon_core.shell:Creating prefix util module '/home/rishith/MRT/MRT_Assignment_6/install/_local_setup_util_ps1.py'
[1.352s] INFO:colcon.colcon_core.shell:Creating prefix chain script '/home/rishith/MRT/MRT_Assignment_6/install/setup.ps1'
[1.354s] INFO:colcon.colcon_core.shell:Creating prefix script '/home/rishith/MRT/MRT_Assignment_6/install/local_setup.sh'
[1.355s] INFO:colcon.colcon_core.shell:Creating prefix util module '/home/rishith/MRT/MRT_Assignment_6/install/_local_setup_util_sh.py'
[1.356s] INFO:colcon.colcon_core.shell:Creating prefix chain script '/home/rishith/MRT/MRT_Assignment_6/install/setup.sh'
[1.357s] INFO:colcon.colcon_core.shell:Creating prefix script '/home/rishith/MRT/MRT_Assignment_6/install/local_setup.bash'
[1.358s] INFO:colcon.colcon_core.shell:Creating prefix chain script '/home/rishith/MRT/MRT_Assignment_6/install/setup.bash'
[1.360s] INFO:colcon.colcon_core.shell:Creating prefix script '/home/rishith/MRT/MRT_Assignment_6/install/local_setup.zsh'
[1.361s] INFO:colcon.colcon_core.shell:Creating prefix chain script '/home/rishith/MRT/MRT_Assignment_6/install/setup.zsh'
